Using pre-set license
Built from '2020.3/staging' branch; Version is '2020.3.32f1 (12f8b0834f07) revision 1243312'; Using compiler version '192528614'; Build Type 'Release'
OS: 'Windows 10  (10.0.19043) 64bit Professional' Language: 'en' Physical Memory: 32675 MB
BatchMode: 1, IsHumanControllingUs: 0, StartBugReporterOnCrash: 0, Is64bit: 1, IsPro: 0

COMMAND LINE ARGUMENTS:
C:\Program Files\Unity\Hub\Editor\2020.3.32f1\Editor\Unity.exe
-adb2
-batchMode
-noUpm
-name
AssetImportWorker0
-projectPath
C:/Users/INDI-202001-002/Desktop/Programming-Theory-Repo/Programming Theory Project
-logFile
Logs/AssetImportWorker0.log
-srvPort
59253
Successfully changed project path to: C:/Users/INDI-202001-002/Desktop/Programming-Theory-Repo/Programming Theory Project
C:/Users/INDI-202001-002/Desktop/Programming-Theory-Repo/Programming Theory Project
Using Asset Import Pipeline V2.
Refreshing native plugins compatible for Editor in 48.54 ms, found 2 plugins.
Preloading 0 native plugins for Editor in 0.00 ms.
Initialize engine version: 2020.3.32f1 (12f8b0834f07)
[Subsystems] Discovering subsystems at path C:/Program Files/Unity/Hub/Editor/2020.3.32f1/Editor/Data/Resources/UnitySubsystems
[Subsystems] Discovering subsystems at path C:/Users/INDI-202001-002/Desktop/Programming-Theory-Repo/Programming Theory Project/Assets
GfxDevice: creating device client; threaded=0
Direct3D:
    Version:  Direct3D 11.0 [level 11.1]
    Renderer: NVIDIA GeForce GTX 1660 (ID=0x2184)
    Vendor:   
    VRAM:     5991 MB
    Driver:   27.21.14.5671
Initialize mono
Mono path[0] = 'C:/Program Files/Unity/Hub/Editor/2020.3.32f1/Editor/Data/Managed'
Mono path[1] = 'C:/Program Files/Unity/Hub/Editor/2020.3.32f1/Editor/Data/MonoBleedingEdge/lib/mono/unityjit'
Mono config path = 'C:/Program Files/Unity/Hub/Editor/2020.3.32f1/Editor/Data/MonoBleedingEdge/etc'
Using monoOptions --debugger-agent=transport=dt_socket,embedding=1,server=y,suspend=n,address=127.0.0.1:56380
Begin MonoManager ReloadAssembly
Registering precompiled unity dll's ...
Register platform support module: C:/Program Files/Unity/Hub/Editor/2020.3.32f1/Editor/Data/PlaybackEngines/WebGLSupport/UnityEditor.WebGL.Extensions.dll
Register platform support module: C:/Program Files/Unity/Hub/Editor/2020.3.32f1/Editor/Data/PlaybackEngines/WindowsStandaloneSupport/UnityEditor.WindowsStandalone.Extensions.dll
Registered in 0.003279 seconds.
Native extension for WindowsStandalone target not found
Native extension for WebGL target not found
Refreshing native plugins compatible for Editor in 42.93 ms, found 2 plugins.
Preloading 0 native plugins for Editor in 0.00 ms.
Mono: successfully reloaded assembly
- Completed reload, in  0.794 seconds
Domain Reload Profiling:
	ReloadAssembly (794ms)
		BeginReloadAssembly (98ms)
			ExecutionOrderSort (0ms)
			DisableScriptedObjects (0ms)
			BackupInstance (0ms)
			ReleaseScriptingObjects (0ms)
			CreateAndSetChildDomain (2ms)
		EndReloadAssembly (601ms)
			LoadAssemblies (91ms)
			RebuildTransferFunctionScriptingTraits (0ms)
			SetupTypeCache (197ms)
			ReleaseScriptCaches (0ms)
			RebuildScriptCaches (40ms)
			SetupLoadedEditorAssemblies (229ms)
				LogAssemblyErrors (0ms)
				InitializePlatformSupportModulesInManaged (7ms)
				SetLoadedEditorAssemblies (0ms)
				RefreshPlugins (43ms)
				BeforeProcessingInitializeOnLoad (28ms)
				ProcessInitializeOnLoadAttributes (106ms)
				ProcessInitializeOnLoadMethodAttributes (44ms)
				AfterProcessingInitializeOnLoad (0ms)
				EditorAssembliesLoaded (0ms)
			ExecutionOrderSort2 (0ms)
			AwakeInstancesAfterBackupRestoration (0ms)
Platform modules already initialized, skipping
Registering precompiled user dll's ...
Registered in 0.008902 seconds.
Begin MonoManager ReloadAssembly
Native extension for WindowsStandalone target not found
Native extension for WebGL target not found
Refreshing native plugins compatible for Editor in 0.53 ms, found 2 plugins.
Preloading 0 native plugins for Editor in 0.00 ms.
Mono: successfully reloaded assembly
- Completed reload, in  1.444 seconds
Domain Reload Profiling:
	ReloadAssembly (1445ms)
		BeginReloadAssembly (230ms)
			ExecutionOrderSort (0ms)
			DisableScriptedObjects (7ms)
			BackupInstance (0ms)
			ReleaseScriptingObjects (0ms)
			CreateAndSetChildDomain (38ms)
		EndReloadAssembly (1126ms)
			LoadAssemblies (143ms)
			RebuildTransferFunctionScriptingTraits (0ms)
			SetupTypeCache (370ms)
			ReleaseScriptCaches (1ms)
			RebuildScriptCaches (61ms)
			SetupLoadedEditorAssemblies (449ms)
				LogAssemblyErrors (0ms)
				InitializePlatformSupportModulesInManaged (7ms)
				SetLoadedEditorAssemblies (1ms)
				RefreshPlugins (1ms)
				BeforeProcessingInitializeOnLoad (111ms)
				ProcessInitializeOnLoadAttributes (310ms)
				ProcessInitializeOnLoadMethodAttributes (12ms)
				AfterProcessingInitializeOnLoad (9ms)
				EditorAssembliesLoaded (0ms)
			ExecutionOrderSort2 (0ms)
			AwakeInstancesAfterBackupRestoration (9ms)
Platform modules already initialized, skipping
========================================================================
Worker process is ready to serve import requests
Launched and connected shader compiler UnityShaderCompiler.exe after 0.14 seconds
Refreshing native plugins compatible for Editor in 0.49 ms, found 2 plugins.
Preloading 0 native plugins for Editor in 0.00 ms.
Unloading 1555 Unused Serialized files (Serialized files now loaded: 0)
System memory in use before: 85.1 MB.
System memory in use after: 84.9 MB.

Unloading 17 unused Assets to reduce memory usage. Loaded Objects now: 2017.
Total: 3.706400 ms (FindLiveObjects: 0.159700 ms CreateObjectMapping: 0.080700 ms MarkObjects: 3.129500 ms  DeleteObjects: 0.335700 ms)

AssetImportParameters requested are different than current active one (requested -> active):
  custom:framework-win-MediaFoundation: 216162199b28c13a410421893ffa2e32 -> 
  custom:video-decoder-ogg-theora: a1e56fd34408186e4bbccfd4996cb3dc -> 
  custom:container-muxer-webm: aa71ff27fc2769a1b78a27578f13a17b -> 
  custom:container-demuxer-webm: 4f35f7cbe854078d1ac9338744f61a02 -> 
  custom:container-demuxer-ogg: 62fdf1f143b41e24485cea50d1cbac27 -> 
  custom:video-encoder-webm-vp8: eb34c28f22e8b96e1ab97ce403110664 -> 
  custom:video-decoder-webm-vp8: 9c59270c3fd7afecdb556c50c9e8de78 -> 
  custom:audio-decoder-ogg-vorbis: bf7c407c2cedff20999df2af8eb42d56 -> 
  custom:audio-encoder-webm-vorbis: bf7c407c2cedff20999df2af8eb42d56 -> 
========================================================================
Received Import Request.
  path: Assets/Scenes/MainMenu.unity
  artifactKey: Guid(c09f4b0b2a9226946aa44a3dd8ffdfa6) Importer(815301076,1909f56bfc062723c751e8b465ee728b)
Start importing Assets/Scenes/MainMenu.unity using Guid(c09f4b0b2a9226946aa44a3dd8ffdfa6) Importer(815301076,1909f56bfc062723c751e8b465ee728b)  -> (artifact id: 'f46f062141ab0802fc2cf3d5b68cdce9') in 0.014639 seconds 
========================================================================
Received Prepare
Registering precompiled user dll's ...
Registered in 0.003500 seconds.
Begin MonoManager ReloadAssembly
Native extension for WindowsStandalone target not found
Native extension for WebGL target not found
Refreshing native plugins compatible for Editor in 0.61 ms, found 2 plugins.
Preloading 0 native plugins for Editor in 0.00 ms.
Mono: successfully reloaded assembly
- Completed reload, in  1.453 seconds
Domain Reload Profiling:
	ReloadAssembly (1453ms)
		BeginReloadAssembly (174ms)
			ExecutionOrderSort (0ms)
			DisableScriptedObjects (6ms)
			BackupInstance (0ms)
			ReleaseScriptingObjects (0ms)
			CreateAndSetChildDomain (43ms)
		EndReloadAssembly (1180ms)
			LoadAssemblies (151ms)
			RebuildTransferFunctionScriptingTraits (0ms)
			SetupTypeCache (437ms)
			ReleaseScriptCaches (1ms)
			RebuildScriptCaches (54ms)
			SetupLoadedEditorAssemblies (414ms)
				LogAssemblyErrors (0ms)
				InitializePlatformSupportModulesInManaged (9ms)
				SetLoadedEditorAssemblies (1ms)
				RefreshPlugins (1ms)
				BeforeProcessingInitializeOnLoad (104ms)
				ProcessInitializeOnLoadAttributes (272ms)
				ProcessInitializeOnLoadMethodAttributes (14ms)
				AfterProcessingInitializeOnLoad (13ms)
				EditorAssembliesLoaded (0ms)
			ExecutionOrderSort2 (0ms)
			AwakeInstancesAfterBackupRestoration (11ms)
Platform modules already initialized, skipping
Refreshing native plugins compatible for Editor in 0.52 ms, found 2 plugins.
Preloading 0 native plugins for Editor in 0.00 ms.
Unloading 1530 Unused Serialized files (Serialized files now loaded: 0)
System memory in use before: 83.0 MB.
System memory in use after: 82.9 MB.

Unloading 12 unused Assets to reduce memory usage. Loaded Objects now: 2020.
Total: 3.661300 ms (FindLiveObjects: 0.225400 ms CreateObjectMapping: 0.095100 ms MarkObjects: 3.085100 ms  DeleteObjects: 0.254400 ms)

AssetImportParameters requested are different than current active one (requested -> active):
  custom:framework-win-MediaFoundation: 216162199b28c13a410421893ffa2e32 -> 
  custom:video-decoder-ogg-theora: a1e56fd34408186e4bbccfd4996cb3dc -> 
  custom:container-muxer-webm: aa71ff27fc2769a1b78a27578f13a17b -> 
  custom:container-demuxer-webm: 4f35f7cbe854078d1ac9338744f61a02 -> 
  custom:container-demuxer-ogg: 62fdf1f143b41e24485cea50d1cbac27 -> 
  custom:video-encoder-webm-vp8: eb34c28f22e8b96e1ab97ce403110664 -> 
  custom:video-decoder-webm-vp8: 9c59270c3fd7afecdb556c50c9e8de78 -> 
  custom:audio-decoder-ogg-vorbis: bf7c407c2cedff20999df2af8eb42d56 -> 
  custom:audio-encoder-webm-vorbis: bf7c407c2cedff20999df2af8eb42d56 -> 
========================================================================
Received Import Request.
  Time since last request: 372.647443 seconds.
  path: Assets/Scenes/MainMenu.unity
  artifactKey: Guid(c09f4b0b2a9226946aa44a3dd8ffdfa6) Importer(815301076,1909f56bfc062723c751e8b465ee728b)
Start importing Assets/Scenes/MainMenu.unity using Guid(c09f4b0b2a9226946aa44a3dd8ffdfa6) Importer(815301076,1909f56bfc062723c751e8b465ee728b)  -> (artifact id: '02629fb69f7d4f5a58785ddff723c75a') in 0.008375 seconds 
========================================================================
Received Import Request.
  Time since last request: 0.514159 seconds.
  path: Assets/Scenes/Main.unity
  artifactKey: Guid(84729eeda748340d0955715b6a50b370) Importer(815301076,1909f56bfc062723c751e8b465ee728b)
Start importing Assets/Scenes/Main.unity using Guid(84729eeda748340d0955715b6a50b370) Importer(815301076,1909f56bfc062723c751e8b465ee728b)  -> (artifact id: 'd056d5fa0dac02df5769629bab23417c') in 0.008309 seconds 
========================================================================
Received Import Request.
  Time since last request: 72.312798 seconds.
  path: Assets/Scenes/Main.unity
  artifactKey: Guid(84729eeda748340d0955715b6a50b370) Importer(815301076,1909f56bfc062723c751e8b465ee728b)
Start importing Assets/Scenes/Main.unity using Guid(84729eeda748340d0955715b6a50b370) Importer(815301076,1909f56bfc062723c751e8b465ee728b)  -> (artifact id: '25a8734d374dbeab7377aafcba95a503') in 0.003204 seconds 
========================================================================
Received Prepare
Registering precompiled user dll's ...
Registered in 0.003973 seconds.
Begin MonoManager ReloadAssembly
Native extension for WindowsStandalone target not found
Native extension for WebGL target not found
Refreshing native plugins compatible for Editor in 0.60 ms, found 2 plugins.
Preloading 0 native plugins for Editor in 0.00 ms.
Mono: successfully reloaded assembly
- Completed reload, in  1.463 seconds
Domain Reload Profiling:
	ReloadAssembly (1464ms)
		BeginReloadAssembly (179ms)
			ExecutionOrderSort (0ms)
			DisableScriptedObjects (7ms)
			BackupInstance (0ms)
			ReleaseScriptingObjects (0ms)
			CreateAndSetChildDomain (47ms)
		EndReloadAssembly (1192ms)
			LoadAssemblies (156ms)
			RebuildTransferFunctionScriptingTraits (0ms)
			SetupTypeCache (420ms)
			ReleaseScriptCaches (1ms)
			RebuildScriptCaches (58ms)
			SetupLoadedEditorAssemblies (439ms)
				LogAssemblyErrors (0ms)
				InitializePlatformSupportModulesInManaged (9ms)
				SetLoadedEditorAssemblies (1ms)
				RefreshPlugins (1ms)
				BeforeProcessingInitializeOnLoad (110ms)
				ProcessInitializeOnLoadAttributes (295ms)
				ProcessInitializeOnLoadMethodAttributes (13ms)
				AfterProcessingInitializeOnLoad (10ms)
				EditorAssembliesLoaded (0ms)
			ExecutionOrderSort2 (0ms)
			AwakeInstancesAfterBackupRestoration (12ms)
Platform modules already initialized, skipping
Refreshing native plugins compatible for Editor in 0.51 ms, found 2 plugins.
Preloading 0 native plugins for Editor in 0.00 ms.
Unloading 1530 Unused Serialized files (Serialized files now loaded: 0)
System memory in use before: 83.0 MB.
System memory in use after: 82.9 MB.

Unloading 12 unused Assets to reduce memory usage. Loaded Objects now: 2023.
Total: 3.630600 ms (FindLiveObjects: 0.151400 ms CreateObjectMapping: 0.079500 ms MarkObjects: 3.128300 ms  DeleteObjects: 0.270400 ms)

AssetImportParameters requested are different than current active one (requested -> active):
  custom:framework-win-MediaFoundation: 216162199b28c13a410421893ffa2e32 -> 
  custom:video-decoder-ogg-theora: a1e56fd34408186e4bbccfd4996cb3dc -> 
  custom:container-muxer-webm: aa71ff27fc2769a1b78a27578f13a17b -> 
  custom:container-demuxer-webm: 4f35f7cbe854078d1ac9338744f61a02 -> 
  custom:container-demuxer-ogg: 62fdf1f143b41e24485cea50d1cbac27 -> 
  custom:video-encoder-webm-vp8: eb34c28f22e8b96e1ab97ce403110664 -> 
  custom:video-decoder-webm-vp8: 9c59270c3fd7afecdb556c50c9e8de78 -> 
  custom:audio-decoder-ogg-vorbis: bf7c407c2cedff20999df2af8eb42d56 -> 
  custom:audio-encoder-webm-vorbis: bf7c407c2cedff20999df2af8eb42d56 -> 
========================================================================
Received Prepare
Registering precompiled user dll's ...
Registered in 0.003592 seconds.
Begin MonoManager ReloadAssembly
Native extension for WindowsStandalone target not found
Native extension for WebGL target not found
Refreshing native plugins compatible for Editor in 0.55 ms, found 2 plugins.
Preloading 0 native plugins for Editor in 0.00 ms.
Mono: successfully reloaded assembly
- Completed reload, in  1.247 seconds
Domain Reload Profiling:
	ReloadAssembly (1248ms)
		BeginReloadAssembly (154ms)
			ExecutionOrderSort (0ms)
			DisableScriptedObjects (6ms)
			BackupInstance (0ms)
			ReleaseScriptingObjects (0ms)
			CreateAndSetChildDomain (44ms)
		EndReloadAssembly (1015ms)
			LoadAssemblies (125ms)
			RebuildTransferFunctionScriptingTraits (0ms)
			SetupTypeCache (367ms)
			ReleaseScriptCaches (1ms)
			RebuildScriptCaches (57ms)
			SetupLoadedEditorAssemblies (358ms)
				LogAssemblyErrors (0ms)
				InitializePlatformSupportModulesInManaged (7ms)
				SetLoadedEditorAssemblies (1ms)
				RefreshPlugins (1ms)
				BeforeProcessingInitializeOnLoad (93ms)
				ProcessInitializeOnLoadAttributes (237ms)
				ProcessInitializeOnLoadMethodAttributes (11ms)
				AfterProcessingInitializeOnLoad (9ms)
				EditorAssembliesLoaded (0ms)
			ExecutionOrderSort2 (0ms)
			AwakeInstancesAfterBackupRestoration (8ms)
Platform modules already initialized, skipping
Refreshing native plugins compatible for Editor in 0.52 ms, found 2 plugins.
Preloading 0 native plugins for Editor in 0.00 ms.
Unloading 1530 Unused Serialized files (Serialized files now loaded: 0)
System memory in use before: 83.0 MB.
System memory in use after: 82.9 MB.

Unloading 12 unused Assets to reduce memory usage. Loaded Objects now: 2026.
Total: 3.424500 ms (FindLiveObjects: 0.148800 ms CreateObjectMapping: 0.087100 ms MarkObjects: 2.867700 ms  DeleteObjects: 0.320000 ms)

AssetImportParameters requested are different than current active one (requested -> active):
  custom:framework-win-MediaFoundation: 216162199b28c13a410421893ffa2e32 -> 
  custom:video-decoder-ogg-theora: a1e56fd34408186e4bbccfd4996cb3dc -> 
  custom:container-muxer-webm: aa71ff27fc2769a1b78a27578f13a17b -> 
  custom:container-demuxer-webm: 4f35f7cbe854078d1ac9338744f61a02 -> 
  custom:container-demuxer-ogg: 62fdf1f143b41e24485cea50d1cbac27 -> 
  custom:video-encoder-webm-vp8: eb34c28f22e8b96e1ab97ce403110664 -> 
  custom:video-decoder-webm-vp8: 9c59270c3fd7afecdb556c50c9e8de78 -> 
  custom:audio-decoder-ogg-vorbis: bf7c407c2cedff20999df2af8eb42d56 -> 
  custom:audio-encoder-webm-vorbis: bf7c407c2cedff20999df2af8eb42d56 -> 
========================================================================
Received Prepare
Registering precompiled user dll's ...
Registered in 0.003442 seconds.
Begin MonoManager ReloadAssembly
Native extension for WindowsStandalone target not found
Native extension for WebGL target not found
Refreshing native plugins compatible for Editor in 0.50 ms, found 2 plugins.
Preloading 0 native plugins for Editor in 0.00 ms.
Mono: successfully reloaded assembly
- Completed reload, in  1.287 seconds
Domain Reload Profiling:
	ReloadAssembly (1288ms)
		BeginReloadAssembly (159ms)
			ExecutionOrderSort (0ms)
			DisableScriptedObjects (6ms)
			BackupInstance (0ms)
			ReleaseScriptingObjects (0ms)
			CreateAndSetChildDomain (42ms)
		EndReloadAssembly (1052ms)
			LoadAssemblies (132ms)
			RebuildTransferFunctionScriptingTraits (0ms)
			SetupTypeCache (347ms)
			ReleaseScriptCaches (1ms)
			RebuildScriptCaches (65ms)
			SetupLoadedEditorAssemblies (389ms)
				LogAssemblyErrors (0ms)
				InitializePlatformSupportModulesInManaged (8ms)
				SetLoadedEditorAssemblies (1ms)
				RefreshPlugins (1ms)
				BeforeProcessingInitializeOnLoad (93ms)
				ProcessInitializeOnLoadAttributes (266ms)
				ProcessInitializeOnLoadMethodAttributes (11ms)
				AfterProcessingInitializeOnLoad (9ms)
				EditorAssembliesLoaded (0ms)
			ExecutionOrderSort2 (0ms)
			AwakeInstancesAfterBackupRestoration (9ms)
Platform modules already initialized, skipping
Refreshing native plugins compatible for Editor in 0.63 ms, found 2 plugins.
Preloading 0 native plugins for Editor in 0.00 ms.
Unloading 1531 Unused Serialized files (Serialized files now loaded: 0)
System memory in use before: 83.0 MB.
System memory in use after: 82.9 MB.

Unloading 12 unused Assets to reduce memory usage. Loaded Objects now: 2030.
Total: 3.471000 ms (FindLiveObjects: 0.184700 ms CreateObjectMapping: 0.081400 ms MarkObjects: 2.893600 ms  DeleteObjects: 0.310600 ms)

AssetImportParameters requested are different than current active one (requested -> active):
  custom:framework-win-MediaFoundation: 216162199b28c13a410421893ffa2e32 -> 
  custom:video-decoder-ogg-theora: a1e56fd34408186e4bbccfd4996cb3dc -> 
  custom:container-muxer-webm: aa71ff27fc2769a1b78a27578f13a17b -> 
  custom:container-demuxer-webm: 4f35f7cbe854078d1ac9338744f61a02 -> 
  custom:container-demuxer-ogg: 62fdf1f143b41e24485cea50d1cbac27 -> 
  custom:video-encoder-webm-vp8: eb34c28f22e8b96e1ab97ce403110664 -> 
  custom:video-decoder-webm-vp8: 9c59270c3fd7afecdb556c50c9e8de78 -> 
  custom:audio-decoder-ogg-vorbis: bf7c407c2cedff20999df2af8eb42d56 -> 
  custom:audio-encoder-webm-vorbis: bf7c407c2cedff20999df2af8eb42d56 -> 
========================================================================
Received Import Request.
  Time since last request: 354.857505 seconds.
  path: Assets/Free HDR Skyboxes Pack/Example Scenes
  artifactKey: Guid(55ae0e5360750e04fb6678ec71a38bff) Importer(815301076,1909f56bfc062723c751e8b465ee728b)
Start importing Assets/Free HDR Skyboxes Pack/Example Scenes using Guid(55ae0e5360750e04fb6678ec71a38bff) Importer(815301076,1909f56bfc062723c751e8b465ee728b)  -> (artifact id: '299ea879271617f0a1a94826d673e9f8') in 0.011856 seconds 
========================================================================
Received Import Request.
  Time since last request: 1.786235 seconds.
  path: Assets/Free HDR Skyboxes Pack/Example Scenes/sky-1.unity
  artifactKey: Guid(23c64b876cc4d4a499d1df85bfff8229) Importer(815301076,1909f56bfc062723c751e8b465ee728b)
Start importing Assets/Free HDR Skyboxes Pack/Example Scenes/sky-1.unity using Guid(23c64b876cc4d4a499d1df85bfff8229) Importer(815301076,1909f56bfc062723c751e8b465ee728b)  -> (artifact id: 'cdf2bc31107906b603931db77f6d0970') in 0.010943 seconds 
========================================================================
Received Import Request.
  Time since last request: 2.487549 seconds.
  path: Assets/Free HDR Skyboxes Pack/Texture
  artifactKey: Guid(1c8e65c128d7c0b4da047ef2b08642a9) Importer(815301076,1909f56bfc062723c751e8b465ee728b)
Start importing Assets/Free HDR Skyboxes Pack/Texture using Guid(1c8e65c128d7c0b4da047ef2b08642a9) Importer(815301076,1909f56bfc062723c751e8b465ee728b)  -> (artifact id: 'a5cf1ac7224dbe5fa534f923dc2b1aa5') in 0.008841 seconds 
========================================================================
Received Import Request.
  Time since last request: 0.042087 seconds.
  path: Assets/Free HDR Skyboxes Pack/Texture/Sky-1.hdr
  artifactKey: Guid(fa7a0134bd016ee47a7ccd135509d97b) Importer(815301076,1909f56bfc062723c751e8b465ee728b)
Start importing Assets/Free HDR Skyboxes Pack/Texture/Sky-1.hdr using Guid(fa7a0134bd016ee47a7ccd135509d97b) Importer(815301076,1909f56bfc062723c751e8b465ee728b)  -> (artifact id: '80cd7e56a7e5f24fbae3fb7d24ca4948') in 2.246846 seconds 
========================================================================
Received Import Request.
  Time since last request: 12.541422 seconds.
  path: Assets/Free HDR Skyboxes Pack/Example Scenes/Script
  artifactKey: Guid(c49428f1b8765a44a801d45f0a6d8636) Importer(815301076,1909f56bfc062723c751e8b465ee728b)
Start importing Assets/Free HDR Skyboxes Pack/Example Scenes/Script using Guid(c49428f1b8765a44a801d45f0a6d8636) Importer(815301076,1909f56bfc062723c751e8b465ee728b)  -> (artifact id: 'c81b5b49162f6eea8ffcce0dbee98d6d') in 0.008805 seconds 
========================================================================
Received Import Request.
  Time since last request: 5.512106 seconds.
  path: Assets/Free HDR Skyboxes Pack/Material/sky-1.mat
  artifactKey: Guid(cf09bdd74268f184498d51e302193dbf) Importer(815301076,1909f56bfc062723c751e8b465ee728b)
Start importing Assets/Free HDR Skyboxes Pack/Material/sky-1.mat using Guid(cf09bdd74268f184498d51e302193dbf) Importer(815301076,1909f56bfc062723c751e8b465ee728b)  -> (artifact id: '6350bd0627a5164ce60d950cdff66cd0') in 0.127407 seconds 
========================================================================
Received Import Request.
  Time since last request: 94.340162 seconds.
  path: Assets/Free HDR Skyboxes Pack/Example Scenes/Script/RotateCamera.cs
  artifactKey: Guid(77c62d2a40e848d44b542da522451282) Importer(815301076,1909f56bfc062723c751e8b465ee728b)
Start importing Assets/Free HDR Skyboxes Pack/Example Scenes/Script/RotateCamera.cs using Guid(77c62d2a40e848d44b542da522451282) Importer(815301076,1909f56bfc062723c751e8b465ee728b)  -> (artifact id: 'd26284590e93855df56804a533135e72') in 0.017091 seconds 
========================================================================
Received Import Request.
  Time since last request: 8.584255 seconds.
  path: Assets/Scenes/Main.unity
  artifactKey: Guid(84729eeda748340d0955715b6a50b370) Importer(815301076,1909f56bfc062723c751e8b465ee728b)
Start importing Assets/Scenes/Main.unity using Guid(84729eeda748340d0955715b6a50b370) Importer(815301076,1909f56bfc062723c751e8b465ee728b)  -> (artifact id: 'd4584c488d7846b688b1d1fa402519ab') in 0.012026 seconds 
========================================================================
Received Import Request.
  Time since last request: 8.755960 seconds.
  path: Assets/Free HDR Skyboxes Pack/Example Scenes/sky-1Settings.lighting
  artifactKey: Guid(f745e97368f966243bae2f6bce9ba65f) Importer(815301076,1909f56bfc062723c751e8b465ee728b)
Start importing Assets/Free HDR Skyboxes Pack/Example Scenes/sky-1Settings.lighting using Guid(f745e97368f966243bae2f6bce9ba65f) Importer(815301076,1909f56bfc062723c751e8b465ee728b)  -> (artifact id: 'd50e3445d75e47dc3be1667d35bc94d9') in 0.010464 seconds 
========================================================================
Received Import Request.
  Time since last request: 38.273728 seconds.
  path: Assets/Free HDR Skyboxes Pack/Material
  artifactKey: Guid(3a39f7f6936115947b8726fd8d30eb7b) Importer(815301076,1909f56bfc062723c751e8b465ee728b)
Start importing Assets/Free HDR Skyboxes Pack/Material using Guid(3a39f7f6936115947b8726fd8d30eb7b) Importer(815301076,1909f56bfc062723c751e8b465ee728b)  -> (artifact id: '4cf1c90d07699f5263690d82329a5f70') in 0.008264 seconds 
========================================================================
Received Prepare
Registering precompiled user dll's ...
Registered in 0.003488 seconds.
Begin MonoManager ReloadAssembly
Native extension for WindowsStandalone target not found
Native extension for WebGL target not found
Refreshing native plugins compatible for Editor in 0.49 ms, found 2 plugins.
Preloading 0 native plugins for Editor in 0.00 ms.
Mono: successfully reloaded assembly
- Completed reload, in  1.307 seconds
Domain Reload Profiling:
	ReloadAssembly (1307ms)
		BeginReloadAssembly (164ms)
			ExecutionOrderSort (0ms)
			DisableScriptedObjects (5ms)
			BackupInstance (0ms)
			ReleaseScriptingObjects (0ms)
			CreateAndSetChildDomain (59ms)
		EndReloadAssembly (1056ms)
			LoadAssemblies (128ms)
			RebuildTransferFunctionScriptingTraits (0ms)
			SetupTypeCache (400ms)
			ReleaseScriptCaches (1ms)
			RebuildScriptCaches (51ms)
			SetupLoadedEditorAssemblies (367ms)
				LogAssemblyErrors (0ms)
				InitializePlatformSupportModulesInManaged (7ms)
				SetLoadedEditorAssemblies (1ms)
				RefreshPlugins (1ms)
				BeforeProcessingInitializeOnLoad (93ms)
				ProcessInitializeOnLoadAttributes (241ms)
				ProcessInitializeOnLoadMethodAttributes (13ms)
				AfterProcessingInitializeOnLoad (11ms)
				EditorAssembliesLoaded (0ms)
			ExecutionOrderSort2 (0ms)
			AwakeInstancesAfterBackupRestoration (10ms)
Platform modules already initialized, skipping
Refreshing native plugins compatible for Editor in 0.49 ms, found 2 plugins.
Preloading 0 native plugins for Editor in 0.00 ms.
Unloading 1531 Unused Serialized files (Serialized files now loaded: 0)
System memory in use before: 86.5 MB.
System memory in use after: 86.4 MB.

Unloading 12 unused Assets to reduce memory usage. Loaded Objects now: 2076.
Total: 4.027600 ms (FindLiveObjects: 0.173100 ms CreateObjectMapping: 0.090100 ms MarkObjects: 3.434300 ms  DeleteObjects: 0.328900 ms)

AssetImportParameters requested are different than current active one (requested -> active):
  custom:framework-win-MediaFoundation: 216162199b28c13a410421893ffa2e32 -> 
  custom:video-decoder-ogg-theora: a1e56fd34408186e4bbccfd4996cb3dc -> 
  custom:container-muxer-webm: aa71ff27fc2769a1b78a27578f13a17b -> 
  custom:container-demuxer-webm: 4f35f7cbe854078d1ac9338744f61a02 -> 
  custom:container-demuxer-ogg: 62fdf1f143b41e24485cea50d1cbac27 -> 
  custom:video-encoder-webm-vp8: eb34c28f22e8b96e1ab97ce403110664 -> 
  custom:video-decoder-webm-vp8: 9c59270c3fd7afecdb556c50c9e8de78 -> 
  custom:audio-decoder-ogg-vorbis: bf7c407c2cedff20999df2af8eb42d56 -> 
  custom:audio-encoder-webm-vorbis: bf7c407c2cedff20999df2af8eb42d56 -> 
========================================================================
Received Prepare
Registering precompiled user dll's ...
Registered in 0.004064 seconds.
Begin MonoManager ReloadAssembly
Native extension for WindowsStandalone target not found
Native extension for WebGL target not found
Refreshing native plugins compatible for Editor in 0.51 ms, found 2 plugins.
Preloading 0 native plugins for Editor in 0.00 ms.
Mono: successfully reloaded assembly
- Completed reload, in  1.312 seconds
Domain Reload Profiling:
	ReloadAssembly (1313ms)
		BeginReloadAssembly (169ms)
			ExecutionOrderSort (0ms)
			DisableScriptedObjects (7ms)
			BackupInstance (0ms)
			ReleaseScriptingObjects (0ms)
			CreateAndSetChildDomain (49ms)
		EndReloadAssembly (1051ms)
			LoadAssemblies (145ms)
			RebuildTransferFunctionScriptingTraits (0ms)
			SetupTypeCache (365ms)
			ReleaseScriptCaches (1ms)
			RebuildScriptCaches (62ms)
			SetupLoadedEditorAssemblies (349ms)
				LogAssemblyErrors (0ms)
				InitializePlatformSupportModulesInManaged (8ms)
				SetLoadedEditorAssemblies (1ms)
				RefreshPlugins (1ms)
				BeforeProcessingInitializeOnLoad (94ms)
				ProcessInitializeOnLoadAttributes (227ms)
				ProcessInitializeOnLoadMethodAttributes (11ms)
				AfterProcessingInitializeOnLoad (8ms)
				EditorAssembliesLoaded (0ms)
			ExecutionOrderSort2 (0ms)
			AwakeInstancesAfterBackupRestoration (9ms)
Platform modules already initialized, skipping
Refreshing native plugins compatible for Editor in 0.52 ms, found 2 plugins.
Preloading 0 native plugins for Editor in 0.00 ms.
Unloading 1531 Unused Serialized files (Serialized files now loaded: 0)
System memory in use before: 86.5 MB.
System memory in use after: 86.4 MB.

Unloading 12 unused Assets to reduce memory usage. Loaded Objects now: 2079.
Total: 3.714200 ms (FindLiveObjects: 0.149700 ms CreateObjectMapping: 0.086400 ms MarkObjects: 3.190900 ms  DeleteObjects: 0.286400 ms)

AssetImportParameters requested are different than current active one (requested -> active):
  custom:framework-win-MediaFoundation: 216162199b28c13a410421893ffa2e32 -> 
  custom:video-decoder-ogg-theora: a1e56fd34408186e4bbccfd4996cb3dc -> 
  custom:container-muxer-webm: aa71ff27fc2769a1b78a27578f13a17b -> 
  custom:container-demuxer-webm: 4f35f7cbe854078d1ac9338744f61a02 -> 
  custom:container-demuxer-ogg: 62fdf1f143b41e24485cea50d1cbac27 -> 
  custom:video-encoder-webm-vp8: eb34c28f22e8b96e1ab97ce403110664 -> 
  custom:video-decoder-webm-vp8: 9c59270c3fd7afecdb556c50c9e8de78 -> 
  custom:audio-decoder-ogg-vorbis: bf7c407c2cedff20999df2af8eb42d56 -> 
  custom:audio-encoder-webm-vorbis: bf7c407c2cedff20999df2af8eb42d56 -> 
========================================================================
Received Prepare
Registering precompiled user dll's ...
Registered in 0.003497 seconds.
Begin MonoManager ReloadAssembly
Native extension for WindowsStandalone target not found
Native extension for WebGL target not found
Refreshing native plugins compatible for Editor in 0.57 ms, found 2 plugins.
Preloading 0 native plugins for Editor in 0.00 ms.
Mono: successfully reloaded assembly
- Completed reload, in  1.191 seconds
Domain Reload Profiling:
	ReloadAssembly (1191ms)
		BeginReloadAssembly (142ms)
			ExecutionOrderSort (0ms)
			DisableScriptedObjects (7ms)
			BackupInstance (0ms)
			ReleaseScriptingObjects (0ms)
			CreateAndSetChildDomain (39ms)
		EndReloadAssembly (977ms)
			LoadAssemblies (117ms)
			RebuildTransferFunctionScriptingTraits (0ms)
			SetupTypeCache (310ms)
			ReleaseScriptCaches (1ms)
			RebuildScriptCaches (45ms)
			SetupLoadedEditorAssemblies (376ms)
				LogAssemblyErrors (0ms)
				InitializePlatformSupportModulesInManaged (8ms)
				SetLoadedEditorAssemblies (1ms)
				RefreshPlugins (1ms)
				BeforeProcessingInitializeOnLoad (107ms)
				ProcessInitializeOnLoadAttributes (232ms)
				ProcessInitializeOnLoadMethodAttributes (17ms)
				AfterProcessingInitializeOnLoad (10ms)
				EditorAssembliesLoaded (0ms)
			ExecutionOrderSort2 (0ms)
			AwakeInstancesAfterBackupRestoration (10ms)
Platform modules already initialized, skipping
Refreshing native plugins compatible for Editor in 0.54 ms, found 2 plugins.
Preloading 0 native plugins for Editor in 0.00 ms.
Unloading 1531 Unused Serialized files (Serialized files now loaded: 0)
System memory in use before: 86.5 MB.
System memory in use after: 86.4 MB.

Unloading 12 unused Assets to reduce memory usage. Loaded Objects now: 2082.
Total: 3.455700 ms (FindLiveObjects: 0.155200 ms CreateObjectMapping: 0.086500 ms MarkObjects: 2.893700 ms  DeleteObjects: 0.319500 ms)

AssetImportParameters requested are different than current active one (requested -> active):
  custom:framework-win-MediaFoundation: 216162199b28c13a410421893ffa2e32 -> 
  custom:video-decoder-ogg-theora: a1e56fd34408186e4bbccfd4996cb3dc -> 
  custom:container-muxer-webm: aa71ff27fc2769a1b78a27578f13a17b -> 
  custom:container-demuxer-webm: 4f35f7cbe854078d1ac9338744f61a02 -> 
  custom:container-demuxer-ogg: 62fdf1f143b41e24485cea50d1cbac27 -> 
  custom:video-encoder-webm-vp8: eb34c28f22e8b96e1ab97ce403110664 -> 
  custom:video-decoder-webm-vp8: 9c59270c3fd7afecdb556c50c9e8de78 -> 
  custom:audio-decoder-ogg-vorbis: bf7c407c2cedff20999df2af8eb42d56 -> 
  custom:audio-encoder-webm-vorbis: bf7c407c2cedff20999df2af8eb42d56 -> 
========================================================================
Received Import Request.
  Time since last request: 755.167776 seconds.
  path: Assets/Free HDR Skyboxes Pack/Example Scenes/sky-1.unity
  artifactKey: Guid(23c64b876cc4d4a499d1df85bfff8229) Importer(815301076,1909f56bfc062723c751e8b465ee728b)
Start importing Assets/Free HDR Skyboxes Pack/Example Scenes/sky-1.unity using Guid(23c64b876cc4d4a499d1df85bfff8229) Importer(815301076,1909f56bfc062723c751e8b465ee728b)  -> (artifact id: '7ef4c093e677bdd0b721a0be87832ae9') in 0.014197 seconds 
========================================================================
Received Import Request.
  Time since last request: 20.024797 seconds.
  path: ProjectSettings/TagManager.asset
  artifactKey: Guid(00000000000000003000000000000000) Importer(815301076,1909f56bfc062723c751e8b465ee728b)
Start importing ProjectSettings/TagManager.asset using Guid(00000000000000003000000000000000) Importer(815301076,1909f56bfc062723c751e8b465ee728b)  -> (artifact id: '8a21bd504b49e62e93af7c66f2c8abde') in 0.037926 seconds 
========================================================================
Received Import Request.
  Time since last request: 12.549532 seconds.
  path: Assets/Prefabs/Bus_green.prefab
  artifactKey: Guid(ff23d9ebbfd0ca34f9d84d429c5f5c53) Importer(815301076,1909f56bfc062723c751e8b465ee728b)
Start importing Assets/Prefabs/Bus_green.prefab using Guid(ff23d9ebbfd0ca34f9d84d429c5f5c53) Importer(815301076,1909f56bfc062723c751e8b465ee728b)  -> (artifact id: 'aa07147a863e0b9134be437baafe7d84') in 0.097641 seconds 
========================================================================
Received Import Request.
  Time since last request: 2.867376 seconds.
  path: Assets/Prefabs/Heart.prefab
  artifactKey: Guid(a14c67f96eaffd94d9718f1b9ab6d03c) Importer(815301076,1909f56bfc062723c751e8b465ee728b)
Start importing Assets/Prefabs/Heart.prefab using Guid(a14c67f96eaffd94d9718f1b9ab6d03c) Importer(815301076,1909f56bfc062723c751e8b465ee728b)  -> (artifact id: '7dbb97cc02e74f6a8288206a41d55897') in 0.015066 seconds 
========================================================================
Received Import Request.
  Time since last request: 6.150787 seconds.
  path: Assets/Prefabs/MinibusBlack.prefab
  artifactKey: Guid(c99f9b1de637e7f4f85018cff61b3341) Importer(815301076,1909f56bfc062723c751e8b465ee728b)
Start importing Assets/Prefabs/MinibusBlack.prefab using Guid(c99f9b1de637e7f4f85018cff61b3341) Importer(815301076,1909f56bfc062723c751e8b465ee728b)  -> (artifact id: '83a7a66aca25bc2a6316087d01251447') in 0.037299 seconds 
========================================================================
Received Import Request.
  Time since last request: 3.209778 seconds.
  path: Assets/Prefabs/MinibusBlue.prefab
  artifactKey: Guid(f894250fcec90c54d93be5150d36c2f8) Importer(815301076,1909f56bfc062723c751e8b465ee728b)
Start importing Assets/Prefabs/MinibusBlue.prefab using Guid(f894250fcec90c54d93be5150d36c2f8) Importer(815301076,1909f56bfc062723c751e8b465ee728b)  -> (artifact id: '662a1de91e29c28fdce288ea0f98a2e2') in 0.030086 seconds 
========================================================================
Received Import Request.
  Time since last request: 2.562575 seconds.
  path: Assets/Prefabs/MinibusGreen.prefab
  artifactKey: Guid(5585c5add91c3964c9ec28a85eb3b349) Importer(815301076,1909f56bfc062723c751e8b465ee728b)
Start importing Assets/Prefabs/MinibusGreen.prefab using Guid(5585c5add91c3964c9ec28a85eb3b349) Importer(815301076,1909f56bfc062723c751e8b465ee728b)  -> (artifact id: '79e391b1cc552e53decaa58b5b7bfc87') in 0.034171 seconds 
========================================================================
Received Import Request.
  Time since last request: 2.429178 seconds.
  path: Assets/Prefabs/police_car.prefab
  artifactKey: Guid(7f6bff57725942343afb805a73259073) Importer(815301076,1909f56bfc062723c751e8b465ee728b)
Start importing Assets/Prefabs/police_car.prefab using Guid(7f6bff57725942343afb805a73259073) Importer(815301076,1909f56bfc062723c751e8b465ee728b)  -> (artifact id: '74782f272626ff1e37a51ac3fcf0c393') in 0.043875 seconds 
========================================================================
Received Import Request.
  Time since last request: 4.532565 seconds.
  path: Assets/Prefabs/SedanSmall.prefab
  artifactKey: Guid(d7a67286743f89146a47018e058c123c) Importer(815301076,1909f56bfc062723c751e8b465ee728b)
Start importing Assets/Prefabs/SedanSmall.prefab using Guid(d7a67286743f89146a47018e058c123c) Importer(815301076,1909f56bfc062723c751e8b465ee728b)  -> (artifact id: 'bb48d56ab7edde71cd14a98eb05eb698') in 0.021527 seconds 
========================================================================
Received Prepare
Registering precompiled user dll's ...
Registered in 0.004240 seconds.
Begin MonoManager ReloadAssembly
Native extension for WindowsStandalone target not found
Native extension for WebGL target not found
Refreshing native plugins compatible for Editor in 0.81 ms, found 2 plugins.
Preloading 0 native plugins for Editor in 0.00 ms.
Mono: successfully reloaded assembly
- Completed reload, in  1.358 seconds
Domain Reload Profiling:
	ReloadAssembly (1359ms)
		BeginReloadAssembly (168ms)
			ExecutionOrderSort (0ms)
			DisableScriptedObjects (7ms)
			BackupInstance (0ms)
			ReleaseScriptingObjects (0ms)
			CreateAndSetChildDomain (47ms)
		EndReloadAssembly (1089ms)
			LoadAssemblies (149ms)
			RebuildTransferFunctionScriptingTraits (0ms)
			SetupTypeCache (414ms)
			ReleaseScriptCaches (1ms)
			RebuildScriptCaches (46ms)
			SetupLoadedEditorAssemblies (383ms)
				LogAssemblyErrors (0ms)
				InitializePlatformSupportModulesInManaged (7ms)
				SetLoadedEditorAssemblies (2ms)
				RefreshPlugins (1ms)
				BeforeProcessingInitializeOnLoad (97ms)
				ProcessInitializeOnLoadAttributes (257ms)
				ProcessInitializeOnLoadMethodAttributes (11ms)
				AfterProcessingInitializeOnLoad (8ms)
				EditorAssembliesLoaded (0ms)
			ExecutionOrderSort2 (0ms)
			AwakeInstancesAfterBackupRestoration (9ms)
Platform modules already initialized, skipping
Refreshing native plugins compatible for Editor in 0.53 ms, found 2 plugins.
Preloading 0 native plugins for Editor in 0.00 ms.
Unloading 1531 Unused Serialized files (Serialized files now loaded: 0)
System memory in use before: 86.6 MB.
System memory in use after: 86.5 MB.

Unloading 13 unused Assets to reduce memory usage. Loaded Objects now: 2086.
Total: 3.690300 ms (FindLiveObjects: 0.161500 ms CreateObjectMapping: 0.077000 ms MarkObjects: 3.149500 ms  DeleteObjects: 0.301500 ms)

AssetImportParameters requested are different than current active one (requested -> active):
  custom:framework-win-MediaFoundation: 216162199b28c13a410421893ffa2e32 -> 
  custom:video-decoder-ogg-theora: a1e56fd34408186e4bbccfd4996cb3dc -> 
  custom:container-muxer-webm: aa71ff27fc2769a1b78a27578f13a17b -> 
  custom:container-demuxer-webm: 4f35f7cbe854078d1ac9338744f61a02 -> 
  custom:container-demuxer-ogg: 62fdf1f143b41e24485cea50d1cbac27 -> 
  custom:video-encoder-webm-vp8: eb34c28f22e8b96e1ab97ce403110664 -> 
  custom:video-decoder-webm-vp8: 9c59270c3fd7afecdb556c50c9e8de78 -> 
  custom:audio-decoder-ogg-vorbis: bf7c407c2cedff20999df2af8eb42d56 -> 
  custom:audio-encoder-webm-vorbis: bf7c407c2cedff20999df2af8eb42d56 -> 
========================================================================
Received Import Request.
  Time since last request: 161.595734 seconds.
  path: Assets/1920x1080-white-solid-color-background.jpg
  artifactKey: Guid(c4c1608979dde8a4d984507f8ebcbae4) Importer(815301076,1909f56bfc062723c751e8b465ee728b)
Start importing Assets/1920x1080-white-solid-color-background.jpg using Guid(c4c1608979dde8a4d984507f8ebcbae4) Importer(815301076,1909f56bfc062723c751e8b465ee728b)  -> (artifact id: '923c3cdf3982c4968be62095bdaba704') in 0.063628 seconds 
========================================================================
Received Import Request.
  Time since last request: 28.063032 seconds.
  path: Assets/1920x1080-white-solid-color-background.jpg
  artifactKey: Guid(c4c1608979dde8a4d984507f8ebcbae4) Importer(815301076,1909f56bfc062723c751e8b465ee728b)
Start importing Assets/1920x1080-white-solid-color-background.jpg using Guid(c4c1608979dde8a4d984507f8ebcbae4) Importer(815301076,1909f56bfc062723c751e8b465ee728b)  -> (artifact id: 'fcea25ed7ecdff80ec39d8e2849ca1d0') in 0.041257 seconds 
========================================================================
Received Import Request.
  Time since last request: 528.228679 seconds.
  path: Assets/EasyMainMenu/Sprites/Prototype Grids/0.mat
  artifactKey: Guid(d8b9e83e78f9158468dfc36b9a087123) Importer(815301076,1909f56bfc062723c751e8b465ee728b)
Start importing Assets/EasyMainMenu/Sprites/Prototype Grids/0.mat using Guid(d8b9e83e78f9158468dfc36b9a087123) Importer(815301076,1909f56bfc062723c751e8b465ee728b)  -> (artifact id: '0cc4f6cb6fc768bd53846f874a21b82d') in 0.075609 seconds 
========================================================================
Received Import Request.
  Time since last request: 0.000216 seconds.
  path: Assets/RCK 2.3/Models/Tree/Materials/AlderBranches.mat
  artifactKey: Guid(03d3dd49b23901e4a94fd7ecdee4e030) Importer(815301076,1909f56bfc062723c751e8b465ee728b)
Start importing Assets/RCK 2.3/Models/Tree/Materials/AlderBranches.mat using Guid(03d3dd49b23901e4a94fd7ecdee4e030) Importer(815301076,1909f56bfc062723c751e8b465ee728b)  -> (artifact id: '41b09cc970a1ed1ac845f7d9f0361131') in 0.028311 seconds 
========================================================================
Received Import Request.
  Time since last request: 0.000222 seconds.
  path: Assets/EasyMainMenu/Sprites/Prototype Grids/4.mat
  artifactKey: Guid(3da26210ac0ae3b4fb84f1407ca4e726) Importer(815301076,1909f56bfc062723c751e8b465ee728b)
Start importing Assets/EasyMainMenu/Sprites/Prototype Grids/4.mat using Guid(3da26210ac0ae3b4fb84f1407ca4e726) Importer(815301076,1909f56bfc062723c751e8b465ee728b)  -> (artifact id: '514e4f400e884441f33177cda51d5fe9') in 0.182614 seconds 
========================================================================
Received Import Request.
  Time since last request: 0.000198 seconds.
  path: Assets/RCK 2.3/Models/Tree/Materials/AlderMoss.mat
  artifactKey: Guid(ebbda347635f8054b9ae14ed10a496c6) Importer(815301076,1909f56bfc062723c751e8b465ee728b)
Start importing Assets/RCK 2.3/Models/Tree/Materials/AlderMoss.mat using Guid(ebbda347635f8054b9ae14ed10a496c6) Importer(815301076,1909f56bfc062723c751e8b465ee728b)  -> (artifact id: '677b39aff3a0bed057533ef87c62b2c0') in 0.025604 seconds 
========================================================================
Received Import Request.
  Time since last request: 0.000254 seconds.
  path: Assets/Challenge 1/_Source_Files/Materials/Black.mat
  artifactKey: Guid(c760c8eaaf67f4037a460bbfeb33ced4) Importer(815301076,1909f56bfc062723c751e8b465ee728b)
Start importing Assets/Challenge 1/_Source_Files/Materials/Black.mat using Guid(c760c8eaaf67f4037a460bbfeb33ced4) Importer(815301076,1909f56bfc062723c751e8b465ee728b)  -> (artifact id: 'e6a9d8ec7adeef4dc667d710d91b71ad') in 0.018991 seconds 
========================================================================
Received Import Request.
  Time since last request: 0.000221 seconds.
  path: Assets/EasyMainMenu/Sprites/Prototype Grids/3.mat
  artifactKey: Guid(e98e8e71a57be0540aafeb8c76c2d1ef) Importer(815301076,1909f56bfc062723c751e8b465ee728b)
Start importing Assets/EasyMainMenu/Sprites/Prototype Grids/3.mat using Guid(e98e8e71a57be0540aafeb8c76c2d1ef) Importer(815301076,1909f56bfc062723c751e8b465ee728b)  -> (artifact id: '8fb9d0438ac951fa3e09415781a049be') in 0.019101 seconds 
========================================================================
Received Import Request.
  Time since last request: 0.000214 seconds.
  path: Assets/EasyMainMenu/Sprites/Prototype Grids/2.mat
  artifactKey: Guid(53d583e71ed07a34c84e3d44240180ca) Importer(815301076,1909f56bfc062723c751e8b465ee728b)
Start importing Assets/EasyMainMenu/Sprites/Prototype Grids/2.mat using Guid(53d583e71ed07a34c84e3d44240180ca) Importer(815301076,1909f56bfc062723c751e8b465ee728b)  -> (artifact id: 'faf59d48c7f096b4e848c9dabbcaec65') in 0.023912 seconds 
========================================================================
Received Import Request.
  Time since last request: 0.000205 seconds.
  path: Assets/EasyMainMenu/Sprites/Prototype Grids/1.mat
  artifactKey: Guid(8a26a79bb0683fa408eb0b01ddf8694d) Importer(815301076,1909f56bfc062723c751e8b465ee728b)
Start importing Assets/EasyMainMenu/Sprites/Prototype Grids/1.mat using Guid(8a26a79bb0683fa408eb0b01ddf8694d) Importer(815301076,1909f56bfc062723c751e8b465ee728b)  -> (artifact id: '6fe3db9456d03108b99822328c9e9b6c') in 0.023911 seconds 
========================================================================
Received Import Request.
  Time since last request: 7.984382 seconds.
  path: Assets/RCK 2.3/Models/Vahicles/PoliceCar/Materials/body.mat
  artifactKey: Guid(b84951d0909a0434da066fa734c2dbc2) Importer(815301076,1909f56bfc062723c751e8b465ee728b)
Start importing Assets/RCK 2.3/Models/Vahicles/PoliceCar/Materials/body.mat using Guid(b84951d0909a0434da066fa734c2dbc2) Importer(815301076,1909f56bfc062723c751e8b465ee728b)  -> (artifact id: 'fb34ca92e337392405d494447e36ee21') in 0.030432 seconds 
========================================================================
Received Import Request.
  Time since last request: 0.000307 seconds.
  path: Assets/RCK 2.3/Models/Vahicles/PoliceCar/Materials/body (2).mat
  artifactKey: Guid(1838cf1977d71744f88f997844538f6f) Importer(815301076,1909f56bfc062723c751e8b465ee728b)
Start importing Assets/RCK 2.3/Models/Vahicles/PoliceCar/Materials/body (2).mat using Guid(1838cf1977d71744f88f997844538f6f) Importer(815301076,1909f56bfc062723c751e8b465ee728b)  -> (artifact id: '18b698d9d7253524ef510a3a1c1d99bc') in 0.023524 seconds 
========================================================================
Received Import Request.
  Time since last request: 0.000272 seconds.
  path: Assets/RCK 2.3/Models/Vahicles/RallyCar/Materials/Body.mat
  artifactKey: Guid(7e9298a8990f4c843b6ed9b1070b2f03) Importer(815301076,1909f56bfc062723c751e8b465ee728b)
Start importing Assets/RCK 2.3/Models/Vahicles/RallyCar/Materials/Body.mat using Guid(7e9298a8990f4c843b6ed9b1070b2f03) Importer(815301076,1909f56bfc062723c751e8b465ee728b)  -> (artifact id: 'cc7f3d5b38c79554ee1319a72e9ff0bd') in 0.020682 seconds 
========================================================================
Received Import Request.
  Time since last request: 15.475657 seconds.
  path: Assets/RCK 2.3/Models/Vahicles/RallyCar/Materials/Wheel.mat
  artifactKey: Guid(2402e409b4791fe4ea856dfbed09d7ab) Importer(815301076,1909f56bfc062723c751e8b465ee728b)
Start importing Assets/RCK 2.3/Models/Vahicles/RallyCar/Materials/Wheel.mat using Guid(2402e409b4791fe4ea856dfbed09d7ab) Importer(815301076,1909f56bfc062723c751e8b465ee728b)  -> (artifact id: 'f8d9d8e72d6a591ec5a768202e250558') in 0.023499 seconds 
========================================================================
Received Import Request.
  Time since last request: 0.000293 seconds.
  path: Assets/RCK 2.3/Models/Vahicles/PoliceCar/Materials/wheel.mat
  artifactKey: Guid(a1b8e0ef509af194ab175114823d5ebf) Importer(815301076,1909f56bfc062723c751e8b465ee728b)
Start importing Assets/RCK 2.3/Models/Vahicles/PoliceCar/Materials/wheel.mat using Guid(a1b8e0ef509af194ab175114823d5ebf) Importer(815301076,1909f56bfc062723c751e8b465ee728b)  -> (artifact id: 'b354ed46057ba60590d8574889916ec2') in 0.016919 seconds 
========================================================================
Received Import Request.
  Time since last request: 2.213030 seconds.
  path: Assets/RCK 2.3/Standard Assets/Skyboxes/Sunny2 Skybox.mat
  artifactKey: Guid(da976b1a4f7ebb949b0f71341e4f1821) Importer(815301076,1909f56bfc062723c751e8b465ee728b)
Start importing Assets/RCK 2.3/Standard Assets/Skyboxes/Sunny2 Skybox.mat using Guid(da976b1a4f7ebb949b0f71341e4f1821) Importer(815301076,1909f56bfc062723c751e8b465ee728b)  -> (artifact id: 'ced3b403e68be10aaa6becfb2c6b6355') in 0.295420 seconds 
========================================================================
Received Import Request.
  Time since last request: 0.187329 seconds.
  path: Assets/Course Library/_Source_Files/Materials/SimpleTown.mat
  artifactKey: Guid(7cce38ba40b7d05439de10ddde5afaf6) Importer(815301076,1909f56bfc062723c751e8b465ee728b)
Start importing Assets/Course Library/_Source_Files/Materials/SimpleTown.mat using Guid(7cce38ba40b7d05439de10ddde5afaf6) Importer(815301076,1909f56bfc062723c751e8b465ee728b)  -> (artifact id: 'd4b0c6e17300dae88470bc87508d4e05') in 0.024590 seconds 
========================================================================
Received Import Request.
  Time since last request: 0.000412 seconds.
  path: Assets/RCK 2.3/Skidmarks/Skidmarks Essentials/Skidmarks Material.mat
  artifactKey: Guid(231b39497f623924bbee554817a8fa8f) Importer(815301076,1909f56bfc062723c751e8b465ee728b)
Start importing Assets/RCK 2.3/Skidmarks/Skidmarks Essentials/Skidmarks Material.mat using Guid(231b39497f623924bbee554817a8fa8f) Importer(815301076,1909f56bfc062723c751e8b465ee728b)  -> (artifact id: '69084ecae1bc7f8e0bd47c87deea6265') in 0.027066 seconds 
========================================================================
Received Import Request.
  Time since last request: 0.000352 seconds.
  path: Assets/RCK 2.3/Skidmarks/Skidmarks Essentials/Skidmarks Material 1.mat
  artifactKey: Guid(c06aabeea45e26141a9e6f4c35c8f416) Importer(815301076,1909f56bfc062723c751e8b465ee728b)
Start importing Assets/RCK 2.3/Skidmarks/Skidmarks Essentials/Skidmarks Material 1.mat using Guid(c06aabeea45e26141a9e6f4c35c8f416) Importer(815301076,1909f56bfc062723c751e8b465ee728b)  -> (artifact id: '2e21273dc06d38fb541442de34549de9') in 0.035714 seconds 
========================================================================
Received Import Request.
  Time since last request: 0.115091 seconds.
  path: Assets/_ApocalypticVehiclesPack/Sedan/Materials/sidan_Police.mat
  artifactKey: Guid(200149ec9f2c264479b03ff336b4c2c4) Importer(815301076,1909f56bfc062723c751e8b465ee728b)
Start importing Assets/_ApocalypticVehiclesPack/Sedan/Materials/sidan_Police.mat using Guid(200149ec9f2c264479b03ff336b4c2c4) Importer(815301076,1909f56bfc062723c751e8b465ee728b)  -> (artifact id: 'a1204e6e624feeeddada36e02d5b43af') in 0.026690 seconds 
========================================================================
Received Import Request.
  Time since last request: 0.000424 seconds.
  path: Assets/Course Library/_Source_Files/Materials/SimpleSky.mat
  artifactKey: Guid(e68f77e240a7f8643b5cc4253dc37516) Importer(815301076,1909f56bfc062723c751e8b465ee728b)
Start importing Assets/Course Library/_Source_Files/Materials/SimpleSky.mat using Guid(e68f77e240a7f8643b5cc4253dc37516) Importer(815301076,1909f56bfc062723c751e8b465ee728b)  -> (artifact id: '52a386c0fd6ef6f892c35cd618649fdc') in 0.026013 seconds 
========================================================================
Received Import Request.
  Time since last request: 0.000295 seconds.
  path: Assets/_ApocalypticVehiclesPack/Sedan/Materials/sidan_default_Default_color.mat
  artifactKey: Guid(c0b2c25c63a7c7842adeb76f3929d4f9) Importer(815301076,1909f56bfc062723c751e8b465ee728b)
Start importing Assets/_ApocalypticVehiclesPack/Sedan/Materials/sidan_default_Default_color.mat using Guid(c0b2c25c63a7c7842adeb76f3929d4f9) Importer(815301076,1909f56bfc062723c751e8b465ee728b)  -> (artifact id: '510c8ac8c51ffeb44c92637d48526f7c') in 0.046337 seconds 
========================================================================
Received Import Request.
  Time since last request: 0.000289 seconds.
  path: Assets/RCK 2.3/Standard Assets/Projectors/Sources/Materials/Shadow Material.mat
  artifactKey: Guid(78c0a732ad112a541100162a44295342) Importer(815301076,1909f56bfc062723c751e8b465ee728b)
Start importing Assets/RCK 2.3/Standard Assets/Projectors/Sources/Materials/Shadow Material.mat using Guid(78c0a732ad112a541100162a44295342) Importer(815301076,1909f56bfc062723c751e8b465ee728b)  -> (artifact id: 'ab0daa2b8433fc2b27277da3a31daf7f') in 0.023190 seconds 
========================================================================
Received Import Request.
  Time since last request: 0.000354 seconds.
  path: Assets/_ApocalypticVehiclesPack/Sedan/Materials/sidan_default_Blue.mat
  artifactKey: Guid(28d047452bdc9514d96141b8a8d91828) Importer(815301076,1909f56bfc062723c751e8b465ee728b)
Start importing Assets/_ApocalypticVehiclesPack/Sedan/Materials/sidan_default_Blue.mat using Guid(28d047452bdc9514d96141b8a8d91828) Importer(815301076,1909f56bfc062723c751e8b465ee728b)  -> (artifact id: '205c3f98167c830503b5ee54bbd56126') in 0.038101 seconds 
========================================================================
Received Import Request.
  Time since last request: 0.000314 seconds.
  path: Assets/Course Library/_Source_Files/Materials/SimpleAirport.mat
  artifactKey: Guid(f9063a172dec5824f87a148932421f2d) Importer(815301076,1909f56bfc062723c751e8b465ee728b)
Start importing Assets/Course Library/_Source_Files/Materials/SimpleAirport.mat using Guid(f9063a172dec5824f87a148932421f2d) Importer(815301076,1909f56bfc062723c751e8b465ee728b)  -> (artifact id: '7eb0901a4c1ee8e6390a53f5f3270936') in 0.079509 seconds 
========================================================================
Received Import Request.
  Time since last request: 0.000358 seconds.
  path: Assets/_ApocalypticVehiclesPack/Sedan/Materials/sidan_default_Default_Red.mat
  artifactKey: Guid(7cdbe7b43300e0f4984264a202b41336) Importer(815301076,1909f56bfc062723c751e8b465ee728b)
Start importing Assets/_ApocalypticVehiclesPack/Sedan/Materials/sidan_default_Default_Red.mat using Guid(7cdbe7b43300e0f4984264a202b41336) Importer(815301076,1909f56bfc062723c751e8b465ee728b)  -> (artifact id: 'a55db9e9aef56fec1a40fcc9cc3e292b') in 0.050003 seconds 
========================================================================
Received Import Request.
  Time since last request: 0.000267 seconds.
  path: Assets/RCK 2.3/Models/Vahicles/RallyCar/Materials/Ref.mat
  artifactKey: Guid(9049ea6618ff8804381987a457700fb2) Importer(815301076,1909f56bfc062723c751e8b465ee728b)
Start importing Assets/RCK 2.3/Models/Vahicles/RallyCar/Materials/Ref.mat using Guid(9049ea6618ff8804381987a457700fb2) Importer(815301076,1909f56bfc062723c751e8b465ee728b)  -> (artifact id: 'ec135d071b28bb7c9ec786f600e77641') in 0.018680 seconds 
========================================================================
Received Import Request.
  Time since last request: 0.000322 seconds.
  path: Assets/Course Library/_Source_Files/Materials/Prop_Signs_00.mat
  artifactKey: Guid(16907a240f508cc46bb9ee1d37bc94ec) Importer(815301076,1909f56bfc062723c751e8b465ee728b)
Start importing Assets/Course Library/_Source_Files/Materials/Prop_Signs_00.mat using Guid(16907a240f508cc46bb9ee1d37bc94ec) Importer(815301076,1909f56bfc062723c751e8b465ee728b)  -> (artifact id: '5398d5666b2d663b5a08acb53b4452a3') in 0.018299 seconds 
========================================================================
Received Import Request.
  Time since last request: 0.000331 seconds.
  path: Assets/Course Library/_Source_Files/Materials/Road.mat
  artifactKey: Guid(aaee9edfd91ad584982e7126ed73c97d) Importer(815301076,1909f56bfc062723c751e8b465ee728b)
Start importing Assets/Course Library/_Source_Files/Materials/Road.mat using Guid(aaee9edfd91ad584982e7126ed73c97d) Importer(815301076,1909f56bfc062723c751e8b465ee728b)  -> (artifact id: '87450872867e35feb4095e60b6bb0653') in 0.018984 seconds 
========================================================================
Received Import Request.
  Time since last request: 0.000268 seconds.
  path: Assets/Course Library/_Source_Files/Materials/PolygonNature_01.mat
  artifactKey: Guid(b72e16591230315448c77c827b522ae1) Importer(815301076,1909f56bfc062723c751e8b465ee728b)
Start importing Assets/Course Library/_Source_Files/Materials/PolygonNature_01.mat using Guid(b72e16591230315448c77c827b522ae1) Importer(815301076,1909f56bfc062723c751e8b465ee728b)  -> (artifact id: '225d54b1b74bcd83bf001d0b7eac556c') in 0.040707 seconds 
========================================================================
Received Import Request.
  Time since last request: 0.000341 seconds.
  path: Assets/Course Library/_Source_Files/Materials/PolygonNature_MountainSkybox_Snow.mat
  artifactKey: Guid(fb87686c53fbcc24a867e24f6b622498) Importer(815301076,1909f56bfc062723c751e8b465ee728b)
Start importing Assets/Course Library/_Source_Files/Materials/PolygonNature_MountainSkybox_Snow.mat using Guid(fb87686c53fbcc24a867e24f6b622498) Importer(815301076,1909f56bfc062723c751e8b465ee728b)  -> (artifact id: '11579e6c2088ab75c14b4aede77c898b') in 0.019356 seconds 
========================================================================
Received Import Request.
  Time since last request: 0.000325 seconds.
  path: Assets/Challenge 1/_Source_Files/Materials/Red.mat
  artifactKey: Guid(e29557c53f06e405dbe7bf4eeece5a24) Importer(815301076,1909f56bfc062723c751e8b465ee728b)
Start importing Assets/Challenge 1/_Source_Files/Materials/Red.mat using Guid(e29557c53f06e405dbe7bf4eeece5a24) Importer(815301076,1909f56bfc062723c751e8b465ee728b)  -> (artifact id: '4480c26e57cf93027786d53b65f6fa02') in 0.019433 seconds 
========================================================================
Received Import Request.
  Time since last request: 0.000315 seconds.
  path: Assets/_ApocalypticVehiclesPack/Sedan/Materials/sidan_default_Default_black.mat
  artifactKey: Guid(97e32fe6caa37cc4cace710038ec6338) Importer(815301076,1909f56bfc062723c751e8b465ee728b)
Start importing Assets/_ApocalypticVehiclesPack/Sedan/Materials/sidan_default_Default_black.mat using Guid(97e32fe6caa37cc4cace710038ec6338) Importer(815301076,1909f56bfc062723c751e8b465ee728b)  -> (artifact id: '0466aa341ec2021cfa3d266274a1ce0b') in 0.020686 seconds 
========================================================================
Received Import Request.
  Time since last request: 0.000290 seconds.
  path: Assets/_ApocalypticVehiclesPack/Sedan/Policay/Materials/police_default_Default_color.mat
  artifactKey: Guid(2aafe5855acb35141b4f6c9545b16b8c) Importer(815301076,1909f56bfc062723c751e8b465ee728b)
Start importing Assets/_ApocalypticVehiclesPack/Sedan/Policay/Materials/police_default_Default_color.mat using Guid(2aafe5855acb35141b4f6c9545b16b8c) Importer(815301076,1909f56bfc062723c751e8b465ee728b)  -> (artifact id: 'a0d644edd31baf6153a330e544682310') in 0.015451 seconds 
========================================================================
Received Import Request.
  Time since last request: 0.037293 seconds.
  path: Assets/RCK 2.3/Standard Assets/Terrain Assets/Trees Ambient-Occlusion/Palm/Materials/palmbark.mat
  artifactKey: Guid(e5bdb6135a74b444d8cebd065dbf9d08) Importer(815301076,1909f56bfc062723c751e8b465ee728b)
Start importing Assets/RCK 2.3/Standard Assets/Terrain Assets/Trees Ambient-Occlusion/Palm/Materials/palmbark.mat using Guid(e5bdb6135a74b444d8cebd065dbf9d08) Importer(815301076,1909f56bfc062723c751e8b465ee728b)  -> (artifact id: 'a227efc743dc2060009c44ebce8bff73') in 0.034737 seconds 
========================================================================
Received Import Request.
  Time since last request: 0.000332 seconds.
  path: Assets/RCK 2.3/Standard Assets/Terrain Assets/Trees Ambient-Occlusion/Palm/Materials/palmbranch.mat
  artifactKey: Guid(3186f38ca67e7441e8299da2e169f9f9) Importer(815301076,1909f56bfc062723c751e8b465ee728b)
Start importing Assets/RCK 2.3/Standard Assets/Terrain Assets/Trees Ambient-Occlusion/Palm/Materials/palmbranch.mat using Guid(3186f38ca67e7441e8299da2e169f9f9) Importer(815301076,1909f56bfc062723c751e8b465ee728b)  -> (artifact id: '5f834d2954a37952a4f57964c830171d') in 0.041740 seconds 
========================================================================
Received Import Request.
  Time since last request: 0.000273 seconds.
  path: Assets/_ApocalypticVehiclesPack/Minibus/Materials/minibus_default_blck.mat
  artifactKey: Guid(8584b95942a1cda42aa04e3348a18426) Importer(815301076,1909f56bfc062723c751e8b465ee728b)
Start importing Assets/_ApocalypticVehiclesPack/Minibus/Materials/minibus_default_blck.mat using Guid(8584b95942a1cda42aa04e3348a18426) Importer(815301076,1909f56bfc062723c751e8b465ee728b)  -> (artifact id: 'f6aac2f1324c3c1ec72ecb34a3984f3c') in 0.032196 seconds 
========================================================================
Received Import Request.
  Time since last request: 0.000211 seconds.
  path: Assets/_ApocalypticVehiclesPack/Minibus/Materials/minibus_green.mat
  artifactKey: Guid(6134baf1faca3bf41982eb1b0db347f4) Importer(815301076,1909f56bfc062723c751e8b465ee728b)
Start importing Assets/_ApocalypticVehiclesPack/Minibus/Materials/minibus_green.mat using Guid(6134baf1faca3bf41982eb1b0db347f4) Importer(815301076,1909f56bfc062723c751e8b465ee728b)  -> (artifact id: '583eb114a679b4bedfd8bec45a507be5') in 0.028332 seconds 
========================================================================
Received Import Request.
  Time since last request: 0.000246 seconds.
  path: Assets/_ApocalypticVehiclesPack/Minibus/Materials/minibus_default_Default_color.mat
  artifactKey: Guid(5c6a7c9486d8e02419d299b2e7ea0c05) Importer(815301076,1909f56bfc062723c751e8b465ee728b)
Start importing Assets/_ApocalypticVehiclesPack/Minibus/Materials/minibus_default_Default_color.mat using Guid(5c6a7c9486d8e02419d299b2e7ea0c05) Importer(815301076,1909f56bfc062723c751e8b465ee728b)  -> (artifact id: '3f8de459ea3ad5f972a00278873dfbc1') in 0.019683 seconds 
========================================================================
Received Import Request.
  Time since last request: 0.000224 seconds.
  path: Assets/_ApocalypticVehiclesPack/Minibus/Materials/minibus_default_blue.mat
  artifactKey: Guid(706a8054e28692e4789723cf6cee284d) Importer(815301076,1909f56bfc062723c751e8b465ee728b)
Start importing Assets/_ApocalypticVehiclesPack/Minibus/Materials/minibus_default_blue.mat using Guid(706a8054e28692e4789723cf6cee284d) Importer(815301076,1909f56bfc062723c751e8b465ee728b)  -> (artifact id: 'f9b08cf165645673f04c6729fcb3881e') in 0.029272 seconds 
========================================================================
Received Import Request.
  Time since last request: 0.037865 seconds.
  path: Assets/Course Library/_Source_Files/Materials/Military_Green.mat
  artifactKey: Guid(7bc72f97a09670a4f9b072e70f88f4cd) Importer(815301076,1909f56bfc062723c751e8b465ee728b)
Start importing Assets/Course Library/_Source_Files/Materials/Military_Green.mat using Guid(7bc72f97a09670a4f9b072e70f88f4cd) Importer(815301076,1909f56bfc062723c751e8b465ee728b)  -> (artifact id: '6183a6cba1c44e11f90ba2a4ac1ba5aa') in 0.039022 seconds 
========================================================================
Received Import Request.
  Time since last request: 0.000293 seconds.
  path: Assets/RCK 2.3/Standard Assets/Projectors/Sources/Materials/Light Material.mat
  artifactKey: Guid(a9cdb98423c19412bbac43b1fb623c48) Importer(815301076,1909f56bfc062723c751e8b465ee728b)
Start importing Assets/RCK 2.3/Standard Assets/Projectors/Sources/Materials/Light Material.mat using Guid(a9cdb98423c19412bbac43b1fb623c48) Importer(815301076,1909f56bfc062723c751e8b465ee728b)  -> (artifact id: '7322cc506f32e9285c2c330d40f3f81a') in 0.034259 seconds 
========================================================================
Received Import Request.
  Time since last request: 0.000324 seconds.
  path: Assets/TextMesh Pro/Resources/Fonts & Materials/LiberationSans SDF - Fallback.asset
  artifactKey: Guid(2e498d1c8094910479dc3e1b768306a4) Importer(815301076,1909f56bfc062723c751e8b465ee728b)
Start importing Assets/TextMesh Pro/Resources/Fonts & Materials/LiberationSans SDF - Fallback.asset using Guid(2e498d1c8094910479dc3e1b768306a4) Importer(815301076,1909f56bfc062723c751e8b465ee728b)  -> (artifact id: 'b03c5aeb6a99bbcc1cd626052753f47d') in 0.061253 seconds 
========================================================================
Received Import Request.
  Time since last request: 0.000201 seconds.
  path: Assets/RCK 2.3/Models/Vahicles/RallyCar/Materials/Inside.mat
  artifactKey: Guid(e0b562b8d40461d48a3fe07aed5dd955) Importer(815301076,1909f56bfc062723c751e8b465ee728b)
Start importing Assets/RCK 2.3/Models/Vahicles/RallyCar/Materials/Inside.mat using Guid(e0b562b8d40461d48a3fe07aed5dd955) Importer(815301076,1909f56bfc062723c751e8b465ee728b)  -> (artifact id: '78905e11584461844bdd8cb3a2d17f0a') in 0.015915 seconds 
========================================================================
Received Import Request.
  Time since last request: 0.000202 seconds.
  path: Assets/RCK 2.3/Standard Assets/Projectors/Sources/Materials/Grid Material.mat
  artifactKey: Guid(52a1cf6eec0cc4f64bd6dfc9a3e8fe14) Importer(815301076,1909f56bfc062723c751e8b465ee728b)
Start importing Assets/RCK 2.3/Standard Assets/Projectors/Sources/Materials/Grid Material.mat using Guid(52a1cf6eec0cc4f64bd6dfc9a3e8fe14) Importer(815301076,1909f56bfc062723c751e8b465ee728b)  -> (artifact id: '5883b64b335711911ab586ea191f7ee7') in 0.091788 seconds 
========================================================================
Received Import Request.
  Time since last request: 0.000374 seconds.
  path: Assets/Challenge 1/_Source_Files/Materials/Grey.mat
  artifactKey: Guid(2afe453b8a24544b39ee349f8a0d0899) Importer(815301076,1909f56bfc062723c751e8b465ee728b)
Start importing Assets/Challenge 1/_Source_Files/Materials/Grey.mat using Guid(2afe453b8a24544b39ee349f8a0d0899) Importer(815301076,1909f56bfc062723c751e8b465ee728b)  -> (artifact id: '26337c7b4be78f8a4d601dd38abc2425') in 0.029292 seconds 
========================================================================
Received Import Request.
  Time since last request: 0.000492 seconds.
  path: Assets/Course Library/_Source_Files/Materials/MilitaryProps.mat
  artifactKey: Guid(af9d3101091f90d4db78a2097d5dcb84) Importer(815301076,1909f56bfc062723c751e8b465ee728b)
Start importing Assets/Course Library/_Source_Files/Materials/MilitaryProps.mat using Guid(af9d3101091f90d4db78a2097d5dcb84) Importer(815301076,1909f56bfc062723c751e8b465ee728b)  -> (artifact id: '07e537f3830c5bdf3aac3660eebacb0e') in 0.019398 seconds 
========================================================================
Received Import Request.
  Time since last request: 0.000241 seconds.
  path: Assets/RCK 2.3/Models/Street/Textures/Grass/Materials/GrassTex-1.mat
  artifactKey: Guid(4d8500bb2c0fff846a0d1801726eaf9f) Importer(815301076,1909f56bfc062723c751e8b465ee728b)
Start importing Assets/RCK 2.3/Models/Street/Textures/Grass/Materials/GrassTex-1.mat using Guid(4d8500bb2c0fff846a0d1801726eaf9f) Importer(815301076,1909f56bfc062723c751e8b465ee728b)  -> (artifact id: 'f811ddd9167843edce9cf968671b2322') in 0.032429 seconds 
========================================================================
Received Import Request.
  Time since last request: 0.000228 seconds.
  path: Assets/RCK 2.3/Models/Vahicles/PoliceCar/Materials/glass.mat
  artifactKey: Guid(ce5b83418f3c88d4fa6c6b5ab9b17cb0) Importer(815301076,1909f56bfc062723c751e8b465ee728b)
Start importing Assets/RCK 2.3/Models/Vahicles/PoliceCar/Materials/glass.mat using Guid(ce5b83418f3c88d4fa6c6b5ab9b17cb0) Importer(815301076,1909f56bfc062723c751e8b465ee728b)  -> (artifact id: 'be87473be607d28d6f44b253362f92f0') in 0.019393 seconds 
========================================================================
Received Import Request.
  Time since last request: 0.000209 seconds.
  path: Assets/RCK 2.3/Models/Street/Textures/Grass/Materials/Ground10_1.mat
  artifactKey: Guid(46002badf61fe844e8aa99a75925a414) Importer(815301076,1909f56bfc062723c751e8b465ee728b)
Start importing Assets/RCK 2.3/Models/Street/Textures/Grass/Materials/Ground10_1.mat using Guid(46002badf61fe844e8aa99a75925a414) Importer(815301076,1909f56bfc062723c751e8b465ee728b)  -> (artifact id: '6725a4c90cbc1a493ad9378e848c7205') in 0.021338 seconds 
========================================================================
Received Import Request.
  Time since last request: 0.263906 seconds.
  path: Assets/EasyMainMenu/Font/BebasKai-Regular.otf
  artifactKey: Guid(4d961a987e869a446a78d18bda09fb1e) Importer(815301076,1909f56bfc062723c751e8b465ee728b)
Start importing Assets/EasyMainMenu/Font/BebasKai-Regular.otf using Guid(4d961a987e869a446a78d18bda09fb1e) Importer(815301076,1909f56bfc062723c751e8b465ee728b)  -> (artifact id: '28c4eff758733d918b69936018b85757') in 0.042732 seconds 
========================================================================
Received Import Request.
  Time since last request: 0.000324 seconds.
  path: Assets/RCK 2.3/Standard Assets/Light Flares/Sources/Materials/flare mat.mat
  artifactKey: Guid(a6dbb96b9d112024d000e929e39e7c39) Importer(815301076,1909f56bfc062723c751e8b465ee728b)
Start importing Assets/RCK 2.3/Standard Assets/Light Flares/Sources/Materials/flare mat.mat using Guid(a6dbb96b9d112024d000e929e39e7c39) Importer(815301076,1909f56bfc062723c751e8b465ee728b)  -> (artifact id: '3c36f663d507480dedb877979dd07e99') in 0.072708 seconds 
========================================================================
Received Import Request.
  Time since last request: 0.000263 seconds.
  path: Assets/RCK 2.3/Models/Vahicles/RallyCar/Materials/Glass.mat
  artifactKey: Guid(a432ad8fefba51643b7c63abf9351b6f) Importer(815301076,1909f56bfc062723c751e8b465ee728b)
Start importing Assets/RCK 2.3/Models/Vahicles/RallyCar/Materials/Glass.mat using Guid(a432ad8fefba51643b7c63abf9351b6f) Importer(815301076,1909f56bfc062723c751e8b465ee728b)  -> (artifact id: '210e40f548b4f8a814709666efe4fa92') in 0.017007 seconds 
========================================================================
Received Import Request.
  Time since last request: 0.000250 seconds.
  path: Assets/TextMesh Pro/Fonts/LiberationSans.ttf
  artifactKey: Guid(e3265ab4bf004d28a9537516768c1c75) Importer(815301076,1909f56bfc062723c751e8b465ee728b)
Start importing Assets/TextMesh Pro/Fonts/LiberationSans.ttf using Guid(e3265ab4bf004d28a9537516768c1c75) Importer(815301076,1909f56bfc062723c751e8b465ee728b)  -> (artifact id: 'bdddd331c3f1b7826858a8d92db67e39') in 0.019534 seconds 
========================================================================
Received Import Request.
  Time since last request: 0.000254 seconds.
  path: Assets/_ApocalypticVehiclesPack/Bus/Materials/bus_default_green.mat
  artifactKey: Guid(ff5ecc4d8bff04c4f850610f691e491a) Importer(815301076,1909f56bfc062723c751e8b465ee728b)
Start importing Assets/_ApocalypticVehiclesPack/Bus/Materials/bus_default_green.mat using Guid(ff5ecc4d8bff04c4f850610f691e491a) Importer(815301076,1909f56bfc062723c751e8b465ee728b)  -> (artifact id: 'd42c3ac0fab48345e2a3274b92b7b012') in 0.090747 seconds 
========================================================================
Received Import Request.
  Time since last request: 0.000251 seconds.
  path: Assets/RCK 2.3/Models/Vahicles/RallyCar/Materials/Default Materia.mat
  artifactKey: Guid(d2a851f8781a087408feb25e1c42bd5c) Importer(815301076,1909f56bfc062723c751e8b465ee728b)
Start importing Assets/RCK 2.3/Models/Vahicles/RallyCar/Materials/Default Materia.mat using Guid(d2a851f8781a087408feb25e1c42bd5c) Importer(815301076,1909f56bfc062723c751e8b465ee728b)  -> (artifact id: 'c21b9b0d019c982e54e248815882af0d') in 0.015285 seconds 
========================================================================
Received Import Request.
  Time since last request: 0.000201 seconds.
  path: Assets/_ApocalypticVehiclesPack/Bus/Materials/bus_default_yellow.mat
  artifactKey: Guid(731251eff47c8f34f811460233871c1b) Importer(815301076,1909f56bfc062723c751e8b465ee728b)
Start importing Assets/_ApocalypticVehiclesPack/Bus/Materials/bus_default_yellow.mat using Guid(731251eff47c8f34f811460233871c1b) Importer(815301076,1909f56bfc062723c751e8b465ee728b)  -> (artifact id: '2c7c778e5591651ba1c7df2185b2375a') in 0.031386 seconds 
========================================================================
Received Import Request.
  Time since last request: 36.850988 seconds.
  path: Assets/RCK 2.3/Models/Vahicles/RallyCar/Materials/BottomCar.mat
  artifactKey: Guid(a059bc4fd2fee454ab9145e71e03deca) Importer(815301076,1909f56bfc062723c751e8b465ee728b)
Start importing Assets/RCK 2.3/Models/Vahicles/RallyCar/Materials/BottomCar.mat using Guid(a059bc4fd2fee454ab9145e71e03deca) Importer(815301076,1909f56bfc062723c751e8b465ee728b)  -> (artifact id: 'f0f6418ba6b570013a735c4e51ed076a') in 0.019759 seconds 
========================================================================
Received Import Request.
  Time since last request: 0.000336 seconds.
  path: Assets/_ApocalypticVehiclesPack/Bus/Materials/bus_default_Default_color.mat
  artifactKey: Guid(f61a07b2d9c622c4288f6683618d5333) Importer(815301076,1909f56bfc062723c751e8b465ee728b)
Start importing Assets/_ApocalypticVehiclesPack/Bus/Materials/bus_default_Default_color.mat using Guid(f61a07b2d9c622c4288f6683618d5333) Importer(815301076,1909f56bfc062723c751e8b465ee728b)  -> (artifact id: '98955f94477100ae9ab26e53f267cb54') in 0.024079 seconds 
========================================================================
Received Prepare
Registering precompiled user dll's ...
Registered in 0.003476 seconds.
Begin MonoManager ReloadAssembly
Native extension for WindowsStandalone target not found
Native extension for WebGL target not found
Refreshing native plugins compatible for Editor in 0.54 ms, found 2 plugins.
Preloading 0 native plugins for Editor in 0.00 ms.
Mono: successfully reloaded assembly
- Completed reload, in  1.295 seconds
Domain Reload Profiling:
	ReloadAssembly (1296ms)
		BeginReloadAssembly (159ms)
			ExecutionOrderSort (0ms)
			DisableScriptedObjects (6ms)
			BackupInstance (0ms)
			ReleaseScriptingObjects (0ms)
			CreateAndSetChildDomain (60ms)
		EndReloadAssembly (1058ms)
			LoadAssemblies (118ms)
			RebuildTransferFunctionScriptingTraits (0ms)
			SetupTypeCache (352ms)
			ReleaseScriptCaches (1ms)
			RebuildScriptCaches (51ms)
			SetupLoadedEditorAssemblies (418ms)
				LogAssemblyErrors (0ms)
				InitializePlatformSupportModulesInManaged (7ms)
				SetLoadedEditorAssemblies (1ms)
				RefreshPlugins (1ms)
				BeforeProcessingInitializeOnLoad (114ms)
				ProcessInitializeOnLoadAttributes (273ms)
				ProcessInitializeOnLoadMethodAttributes (12ms)
				AfterProcessingInitializeOnLoad (10ms)
				EditorAssembliesLoaded (0ms)
			ExecutionOrderSort2 (0ms)
			AwakeInstancesAfterBackupRestoration (10ms)
Platform modules already initialized, skipping
Refreshing native plugins compatible for Editor in 0.51 ms, found 2 plugins.
Preloading 0 native plugins for Editor in 0.00 ms.
Unloading 1531 Unused Serialized files (Serialized files now loaded: 0)
System memory in use before: 87.0 MB.
System memory in use after: 86.9 MB.

Unloading 12 unused Assets to reduce memory usage. Loaded Objects now: 2102.
Total: 3.901000 ms (FindLiveObjects: 0.239000 ms CreateObjectMapping: 0.076100 ms MarkObjects: 3.218600 ms  DeleteObjects: 0.366500 ms)

AssetImportParameters requested are different than current active one (requested -> active):
  custom:framework-win-MediaFoundation: 216162199b28c13a410421893ffa2e32 -> 
  custom:video-decoder-ogg-theora: a1e56fd34408186e4bbccfd4996cb3dc -> 
  custom:container-muxer-webm: aa71ff27fc2769a1b78a27578f13a17b -> 
  custom:container-demuxer-webm: 4f35f7cbe854078d1ac9338744f61a02 -> 
  custom:container-demuxer-ogg: 62fdf1f143b41e24485cea50d1cbac27 -> 
  custom:video-encoder-webm-vp8: eb34c28f22e8b96e1ab97ce403110664 -> 
  custom:video-decoder-webm-vp8: 9c59270c3fd7afecdb556c50c9e8de78 -> 
  custom:audio-decoder-ogg-vorbis: bf7c407c2cedff20999df2af8eb42d56 -> 
  custom:audio-encoder-webm-vorbis: bf7c407c2cedff20999df2af8eb42d56 -> 
========================================================================
Received Prepare
Registering precompiled user dll's ...
Registered in 0.003545 seconds.
Begin MonoManager ReloadAssembly
Native extension for WindowsStandalone target not found
Native extension for WebGL target not found
Refreshing native plugins compatible for Editor in 0.53 ms, found 2 plugins.
Preloading 0 native plugins for Editor in 0.00 ms.
Mono: successfully reloaded assembly
- Completed reload, in  1.269 seconds
Domain Reload Profiling:
	ReloadAssembly (1270ms)
		BeginReloadAssembly (154ms)
			ExecutionOrderSort (0ms)
			DisableScriptedObjects (7ms)
			BackupInstance (0ms)
			ReleaseScriptingObjects (0ms)
			CreateAndSetChildDomain (51ms)
		EndReloadAssembly (1042ms)
			LoadAssemblies (119ms)
			RebuildTransferFunctionScriptingTraits (0ms)
			SetupTypeCache (362ms)
			ReleaseScriptCaches (1ms)
			RebuildScriptCaches (52ms)
			SetupLoadedEditorAssemblies (395ms)
				LogAssemblyErrors (0ms)
				InitializePlatformSupportModulesInManaged (7ms)
				SetLoadedEditorAssemblies (1ms)
				RefreshPlugins (1ms)
				BeforeProcessingInitializeOnLoad (96ms)
				ProcessInitializeOnLoadAttributes (270ms)
				ProcessInitializeOnLoadMethodAttributes (11ms)
				AfterProcessingInitializeOnLoad (9ms)
				EditorAssembliesLoaded (0ms)
			ExecutionOrderSort2 (0ms)
			AwakeInstancesAfterBackupRestoration (9ms)
Platform modules already initialized, skipping
Refreshing native plugins compatible for Editor in 0.49 ms, found 2 plugins.
Preloading 0 native plugins for Editor in 0.00 ms.
Unloading 1531 Unused Serialized files (Serialized files now loaded: 0)
System memory in use before: 87.0 MB.
System memory in use after: 86.9 MB.

Unloading 12 unused Assets to reduce memory usage. Loaded Objects now: 2105.
Total: 3.706000 ms (FindLiveObjects: 0.154600 ms CreateObjectMapping: 0.072700 ms MarkObjects: 3.161600 ms  DeleteObjects: 0.316300 ms)

AssetImportParameters requested are different than current active one (requested -> active):
  custom:framework-win-MediaFoundation: 216162199b28c13a410421893ffa2e32 -> 
  custom:video-decoder-ogg-theora: a1e56fd34408186e4bbccfd4996cb3dc -> 
  custom:container-muxer-webm: aa71ff27fc2769a1b78a27578f13a17b -> 
  custom:container-demuxer-webm: 4f35f7cbe854078d1ac9338744f61a02 -> 
  custom:container-demuxer-ogg: 62fdf1f143b41e24485cea50d1cbac27 -> 
  custom:video-encoder-webm-vp8: eb34c28f22e8b96e1ab97ce403110664 -> 
  custom:video-decoder-webm-vp8: 9c59270c3fd7afecdb556c50c9e8de78 -> 
  custom:audio-decoder-ogg-vorbis: bf7c407c2cedff20999df2af8eb42d56 -> 
  custom:audio-encoder-webm-vorbis: bf7c407c2cedff20999df2af8eb42d56 -> 
========================================================================
Received Import Request.
  Time since last request: 714.885349 seconds.
  path: Assets/Logo.png
  artifactKey: Guid(e454ca97c2b5e4c4bafdfcf5a09663b9) Importer(815301076,1909f56bfc062723c751e8b465ee728b)
Start importing Assets/Logo.png using Guid(e454ca97c2b5e4c4bafdfcf5a09663b9) Importer(815301076,1909f56bfc062723c751e8b465ee728b)  -> (artifact id: '89eb8ca2bc2775a32d762a5859f02c4e') in 0.058972 seconds 
========================================================================
Received Import Request.
  Time since last request: 39.656810 seconds.
  path: Assets/Logo.png
  artifactKey: Guid(e454ca97c2b5e4c4bafdfcf5a09663b9) Importer(815301076,1909f56bfc062723c751e8b465ee728b)
Start importing Assets/Logo.png using Guid(e454ca97c2b5e4c4bafdfcf5a09663b9) Importer(815301076,1909f56bfc062723c751e8b465ee728b)  -> (artifact id: '6c83e80131ddc6dd13fff1c7c208644d') in 0.042428 seconds 
AssetImportWorkerClient::OnTransportError - code=2 error=End of file
